[0.249s] Invoking command in '/home/zoro/ros2_ws/src/my_py_pkg': PYTHONPATH=/home/zoro/ros2_ws/src/install/my_py_pkg/lib/python3.8/site-packages:${PYTHONPATH} /usr/bin/python3 setup.py egg_info --egg-base ../build/my_py_pkg build --build-base /home/zoro/ros2_ws/src/build/my_py_pkg/build install --prefix /home/zoro/ros2_ws/src/install/my_py_pkg --record /home/zoro/ros2_ws/src/build/my_py_pkg/install.log --single-version-externally-managed
[0.449s] running egg_info
[0.450s] creating ../build/my_py_pkg/my_py_pkg.egg-info
[0.450s] writing ../build/my_py_pkg/my_py_pkg.egg-info/PKG-INFO
[0.451s] writing dependency_links to ../build/my_py_pkg/my_py_pkg.egg-info/dependency_links.txt
[0.451s] writing entry points to ../build/my_py_pkg/my_py_pkg.egg-info/entry_points.txt
[0.451s] writing requirements to ../build/my_py_pkg/my_py_pkg.egg-info/requires.txt
[0.451s] writing top-level names to ../build/my_py_pkg/my_py_pkg.egg-info/top_level.txt
[0.452s] writing manifest file '../build/my_py_pkg/my_py_pkg.egg-info/SOURCES.txt'
[0.502s] reading manifest file '../build/my_py_pkg/my_py_pkg.egg-info/SOURCES.txt'
[0.502s] writing manifest file '../build/my_py_pkg/my_py_pkg.egg-info/SOURCES.txt'
[0.502s] running build
[0.502s] running build_py
[0.502s] creating /home/zoro/ros2_ws/src/build/my_py_pkg/build
[0.502s] creating /home/zoro/ros2_ws/src/build/my_py_pkg/build/lib
[0.502s] creating /home/zoro/ros2_ws/src/build/my_py_pkg/build/lib/my_py_pkg
[0.502s] copying my_py_pkg/__init__.py -> /home/zoro/ros2_ws/src/build/my_py_pkg/build/lib/my_py_pkg
[0.502s] running install
[0.502s] running install_lib
[0.503s] creating /home/zoro/ros2_ws/src/install/my_py_pkg/lib/python3.8/site-packages/my_py_pkg
[0.503s] copying /home/zoro/ros2_ws/src/build/my_py_pkg/build/lib/my_py_pkg/__init__.py -> /home/zoro/ros2_ws/src/install/my_py_pkg/lib/python3.8/site-packages/my_py_pkg
[0.503s] byte-compiling /home/zoro/ros2_ws/src/install/my_py_pkg/lib/python3.8/site-packages/my_py_pkg/__init__.py to __init__.cpython-38.pyc
[0.505s] running install_data
[0.505s] creating /home/zoro/ros2_ws/src/install/my_py_pkg/share/ament_index
[0.505s] creating /home/zoro/ros2_ws/src/install/my_py_pkg/share/ament_index/resource_index
[0.506s] creating /home/zoro/ros2_ws/src/install/my_py_pkg/share/ament_index/resource_index/packages
[0.506s] copying resource/my_py_pkg -> /home/zoro/ros2_ws/src/install/my_py_pkg/share/ament_index/resource_index/packages
[0.506s] copying package.xml -> /home/zoro/ros2_ws/src/install/my_py_pkg/share/my_py_pkg
[0.506s] running install_egg_info
[0.508s] Copying ../build/my_py_pkg/my_py_pkg.egg-info to /home/zoro/ros2_ws/src/install/my_py_pkg/lib/python3.8/site-packages/my_py_pkg-0.0.0-py3.8.egg-info
[0.509s] running install_scripts
[0.535s] writing list of installed files to '/home/zoro/ros2_ws/src/build/my_py_pkg/install.log'
[0.570s] Invoked command in '/home/zoro/ros2_ws/src/my_py_pkg' returned '0': PYTHONPATH=/home/zoro/ros2_ws/src/install/my_py_pkg/lib/python3.8/site-packages:${PYTHONPATH} /usr/bin/python3 setup.py egg_info --egg-base ../build/my_py_pkg build --build-base /home/zoro/ros2_ws/src/build/my_py_pkg/build install --prefix /home/zoro/ros2_ws/src/install/my_py_pkg --record /home/zoro/ros2_ws/src/build/my_py_pkg/install.log --single-version-externally-managed
