[0.025s] Invoking command in '/home/zoro/ros2_ws/src/build/my_cpp_pkg': CMAKE_PREFIX_PATH=/home/zoro/ros2_ws/install/my_py_pkg:/opt/ros/foxy /usr/bin/cmake /home/zoro/ros2_ws/src/my_cpp_pkg -DCMAKE_INSTALL_PREFIX=/home/zoro/ros2_ws/src/install/my_cpp_pkg
[0.290s] -- The C compiler identification is GNU 9.3.0
[0.485s] -- The CXX compiler identification is GNU 9.3.0
[0.496s] -- Check for working C compiler: /usr/bin/cc
[0.582s] -- Check for working C compiler: /usr/bin/cc -- works
[0.582s] -- Detecting C compiler ABI info
[0.665s] -- Detecting C compiler ABI info - done
[0.677s] -- Detecting C compile features
[0.677s] -- Detecting C compile features - done
[0.681s] -- Check for working CXX compiler: /usr/bin/c++
[0.760s] -- Check for working CXX compiler: /usr/bin/c++ -- works
[0.762s] -- Detecting CXX compiler ABI info
[0.844s] -- Detecting CXX compiler ABI info - done
[0.859s] -- Detecting CXX compile features
[0.859s] -- Detecting CXX compile features - done
[0.872s] -- Found ament_cmake: 0.9.7 (/opt/ros/foxy/share/ament_cmake/cmake)
[0.903s] -- Found PythonInterp: /usr/bin/python3 (found suitable version "3.8.5", minimum required is "3") 
[0.903s] -- Using PYTHON_EXECUTABLE: /usr/bin/python3
[1.132s] -- Found rclcpp: 2.2.0 (/opt/ros/foxy/share/rclcpp/cmake)
[1.190s] -- Using all available rosidl_typesupport_c: rosidl_typesupport_fastrtps_c;rosidl_typesupport_introspection_c
[1.200s] -- Found rosidl_adapter: 1.1.0 (/opt/ros/foxy/share/rosidl_adapter/cmake)
[1.293s] -- Found OpenSSL: /usr/lib/x86_64-linux-gnu/libcrypto.so (found version "1.1.1f")  
[1.320s] -- Found FastRTPS: /opt/ros/foxy/include  
[1.426s] -- Using all available rosidl_typesupport_cpp: rosidl_typesupport_fastrtps_cpp;rosidl_typesupport_introspection_cpp
[1.502s] -- Found rmw_implementation_cmake: 1.0.1 (/opt/ros/foxy/share/rmw_implementation_cmake/cmake)
[1.506s] -- Using RMW implementation 'rmw_fastrtps_cpp' as default
[1.509s] -- Looking for pthread.h
[1.625s] -- Looking for pthread.h - found
[1.625s] -- Performing Test CMAKE_HAVE_LIBC_PTHREAD
[1.695s] -- Performing Test CMAKE_HAVE_LIBC_PTHREAD - Failed
[1.695s] -- Looking for pthread_create in pthreads
[1.766s] -- Looking for pthread_create in pthreads - not found
[1.767s] -- Looking for pthread_create in pthread
[1.834s] -- Looking for pthread_create in pthread - found
[1.835s] -- Found Threads: TRUE  
[2.014s] -- Found ament_lint_auto: 0.9.5 (/opt/ros/foxy/share/ament_lint_auto/cmake)
[2.106s] -- Added test 'copyright' to check source files copyright and LICENSE
[2.112s] -- Added test 'lint_cmake' to check CMake code style
[2.116s] -- Added test 'xmllint' to check XML markup files
[2.124s] -- Configuring done
[2.128s] -- Generating done
[2.130s] -- Build files have been written to: /home/zoro/ros2_ws/src/build/my_cpp_pkg
[2.145s] Invoked command in '/home/zoro/ros2_ws/src/build/my_cpp_pkg' returned '0': CMAKE_PREFIX_PATH=/home/zoro/ros2_ws/install/my_py_pkg:/opt/ros/foxy /usr/bin/cmake /home/zoro/ros2_ws/src/my_cpp_pkg -DCMAKE_INSTALL_PREFIX=/home/zoro/ros2_ws/src/install/my_cpp_pkg
[2.146s] Invoking command in '/home/zoro/ros2_ws/src/build/my_cpp_pkg': CMAKE_PREFIX_PATH=/home/zoro/ros2_ws/install/my_py_pkg:/opt/ros/foxy /usr/bin/cmake --build /home/zoro/ros2_ws/src/build/my_cpp_pkg -- -j4 -l4
[2.185s] Invoked command in '/home/zoro/ros2_ws/src/build/my_cpp_pkg' returned '0': CMAKE_PREFIX_PATH=/home/zoro/ros2_ws/install/my_py_pkg:/opt/ros/foxy /usr/bin/cmake --build /home/zoro/ros2_ws/src/build/my_cpp_pkg -- -j4 -l4
[2.214s] Invoking command in '/home/zoro/ros2_ws/src/build/my_cpp_pkg': CMAKE_PREFIX_PATH=/home/zoro/ros2_ws/install/my_py_pkg:/opt/ros/foxy /usr/bin/cmake --install /home/zoro/ros2_ws/src/build/my_cpp_pkg
[2.223s] -- Install configuration: ""
[2.223s] -- Installing: /home/zoro/ros2_ws/src/install/my_cpp_pkg/share/ament_index/resource_index/package_run_dependencies/my_cpp_pkg
[2.223s] -- Installing: /home/zoro/ros2_ws/src/install/my_cpp_pkg/share/ament_index/resource_index/parent_prefix_path/my_cpp_pkg
[2.223s] -- Installing: /home/zoro/ros2_ws/src/install/my_cpp_pkg/share/my_cpp_pkg/environment/ament_prefix_path.sh
[2.223s] -- Installing: /home/zoro/ros2_ws/src/install/my_cpp_pkg/share/my_cpp_pkg/environment/ament_prefix_path.dsv
[2.224s] -- Installing: /home/zoro/ros2_ws/src/install/my_cpp_pkg/share/my_cpp_pkg/environment/path.sh
[2.224s] -- Installing: /home/zoro/ros2_ws/src/install/my_cpp_pkg/share/my_cpp_pkg/environment/path.dsv
[2.224s] -- Installing: /home/zoro/ros2_ws/src/install/my_cpp_pkg/share/my_cpp_pkg/local_setup.bash
[2.224s] -- Installing: /home/zoro/ros2_ws/src/install/my_cpp_pkg/share/my_cpp_pkg/local_setup.sh
[2.224s] -- Installing: /home/zoro/ros2_ws/src/install/my_cpp_pkg/share/my_cpp_pkg/local_setup.zsh
[2.224s] -- Installing: /home/zoro/ros2_ws/src/install/my_cpp_pkg/share/my_cpp_pkg/local_setup.dsv
[2.224s] -- Installing: /home/zoro/ros2_ws/src/install/my_cpp_pkg/share/my_cpp_pkg/package.dsv
[2.225s] -- Installing: /home/zoro/ros2_ws/src/install/my_cpp_pkg/share/ament_index/resource_index/packages/my_cpp_pkg
[2.225s] -- Installing: /home/zoro/ros2_ws/src/install/my_cpp_pkg/share/my_cpp_pkg/cmake/my_cpp_pkgConfig.cmake
[2.225s] -- Installing: /home/zoro/ros2_ws/src/install/my_cpp_pkg/share/my_cpp_pkg/cmake/my_cpp_pkgConfig-version.cmake
[2.225s] -- Installing: /home/zoro/ros2_ws/src/install/my_cpp_pkg/share/my_cpp_pkg/package.xml
[2.228s] Invoked command in '/home/zoro/ros2_ws/src/build/my_cpp_pkg' returned '0': CMAKE_PREFIX_PATH=/home/zoro/ros2_ws/install/my_py_pkg:/opt/ros/foxy /usr/bin/cmake --install /home/zoro/ros2_ws/src/build/my_cpp_pkg
