[0.140s] DEBUG:colcon:Command line arguments: ['/usr/bin/colcon', 'build']
[0.140s] DEBUG:colcon:Parsed command line arguments: Namespace(ament_cmake_args=None, base_paths=['.'], build_base='build', catkin_cmake_args=None, catkin_skip_building_tests=False, cmake_args=None, cmake_clean_cache=False, cmake_clean_first=False, cmake_force_configure=False, cmake_target=None, cmake_target_skip_unavailable=False, continue_on_error=False, event_handlers=None, executor='parallel', ignore_user_meta=False, install_base='install', log_base=None, log_level=None, main=<bound method BuildVerb.main of <colcon_core.verb.build.BuildVerb object at 0x7f790f83fb80>>, merge_install=False, metas=['./colcon.meta'], packages_above=None, packages_above_and_dependencies=None, packages_above_depth=None, packages_end=None, packages_ignore=None, packages_ignore_regex=None, packages_select=None, packages_select_build_failed=False, packages_select_by_dep=None, packages_select_regex=None, packages_select_test_failures=False, packages_skip=None, packages_skip_build_finished=False, packages_skip_by_dep=None, packages_skip_regex=None, packages_skip_test_passed=False, packages_skip_up_to=None, packages_start=None, packages_up_to=None, packages_up_to_regex=None, parallel_workers=4, paths=None, symlink_install=False, test_result_base=None, verb_extension=<colcon_core.verb.build.BuildVerb object at 0x7f790f83fb80>, verb_name='build', verb_parser=<colcon_defaults.argument_parser.defaults.DefaultArgumentsDecorator object at 0x7f790f84e130>)
[0.147s] Level 1:colcon.colcon_core.package_discovery:discover_packages(colcon_meta) check parameters
[0.148s] Level 1:colcon.colcon_core.package_discovery:discover_packages(recursive) check parameters
[0.148s] Level 1:colcon.colcon_core.package_discovery:discover_packages(ignore) check parameters
[0.148s] Level 1:colcon.colcon_core.package_discovery:discover_packages(path) check parameters
[0.148s] Level 1:colcon.colcon_core.package_discovery:discover_packages(colcon_meta) discover
[0.148s] Level 1:colcon.colcon_core.package_discovery:discover_packages(recursive) discover
[0.148s] INFO:colcon.colcon_core.package_discovery:Crawling recursively for packages in '/home/zoro/ros2_ws/src'
[0.148s] Level 1:colcon.colcon_core.package_identification:_identify(.) by extensions ['ignore', 'ignore_ament_install']
[0.148s] Level 1:colcon.colcon_core.package_identification:_identify(.) by extension 'ignore'
[0.148s] Level 1:colcon.colcon_core.package_identification:_identify(.) by extension 'ignore_ament_install'
[0.148s] Level 1:colcon.colcon_core.package_identification:_identify(.) by extensions ['colcon_pkg']
[0.149s] Level 1:colcon.colcon_core.package_identification:_identify(.) by extension 'colcon_pkg'
[0.149s] Level 1:colcon.colcon_core.package_identification:_identify(.) by extensions ['colcon_meta']
[0.149s] Level 1:colcon.colcon_core.package_identification:_identify(.) by extension 'colcon_meta'
[0.149s] Level 1:colcon.colcon_core.package_identification:_identify(.) by extensions ['ros']
[0.149s] Level 1:colcon.colcon_core.package_identification:_identify(.) by extension 'ros'
[0.160s] Level 1:colcon.colcon_core.package_identification:_identify(.) by extensions ['cmake', 'python']
[0.161s] Level 1:colcon.colcon_core.package_identification:_identify(.) by extension 'cmake'
[0.161s] Level 1:colcon.colcon_core.package_identification:_identify(.) by extension 'python'
[0.161s] Level 1:colcon.colcon_core.package_identification:_identify(.) by extensions ['python_setup_py']
[0.161s] Level 1:colcon.colcon_core.package_identification:_identify(.) by extension 'python_setup_py'
[0.161s] Level 1:colcon.colcon_core.package_identification:_identify(build) by extensions ['ignore', 'ignore_ament_install']
[0.161s] Level 1:colcon.colcon_core.package_identification:_identify(build) by extension 'ignore'
[0.161s] Level 1:colcon.colcon_core.package_identification:_identify(build) ignored
[0.161s] Level 1:colcon.colcon_core.package_identification:_identify(install) by extensions ['ignore', 'ignore_ament_install']
[0.161s] Level 1:colcon.colcon_core.package_identification:_identify(install) by extension 'ignore'
[0.162s] Level 1:colcon.colcon_core.package_identification:_identify(install) ignored
[0.162s] Level 1:colcon.colcon_core.package_identification:_identify(log) by extensions ['ignore', 'ignore_ament_install']
[0.162s] Level 1:colcon.colcon_core.package_identification:_identify(log) by extension 'ignore'
[0.162s] Level 1:colcon.colcon_core.package_identification:_identify(log) ignored
[0.162s] Level 1:colcon.colcon_core.package_identification:_identify(my_cpp_pkg) by extensions ['ignore', 'ignore_ament_install']
[0.162s] Level 1:colcon.colcon_core.package_identification:_identify(my_cpp_pkg) by extension 'ignore'
[0.162s] Level 1:colcon.colcon_core.package_identification:_identify(my_cpp_pkg) by extension 'ignore_ament_install'
[0.162s] Level 1:colcon.colcon_core.package_identification:_identify(my_cpp_pkg) by extensions ['colcon_pkg']
[0.162s] Level 1:colcon.colcon_core.package_identification:_identify(my_cpp_pkg) by extension 'colcon_pkg'
[0.162s] Level 1:colcon.colcon_core.package_identification:_identify(my_cpp_pkg) by extensions ['colcon_meta']
[0.163s] Level 1:colcon.colcon_core.package_identification:_identify(my_cpp_pkg) by extension 'colcon_meta'
[0.163s] Level 1:colcon.colcon_core.package_identification:_identify(my_cpp_pkg) by extensions ['ros']
[0.163s] Level 1:colcon.colcon_core.package_identification:_identify(my_cpp_pkg) by extension 'ros'
[0.165s] DEBUG:colcon.colcon_core.package_identification:Package 'my_cpp_pkg' with type 'ros.ament_cmake' and name 'my_cpp_pkg'
[0.165s] Level 1:colcon.colcon_core.package_identification:_identify(my_py_pkg) by extensions ['ignore', 'ignore_ament_install']
[0.165s] Level 1:colcon.colcon_core.package_identification:_identify(my_py_pkg) by extension 'ignore'
[0.166s] Level 1:colcon.colcon_core.package_identification:_identify(my_py_pkg) by extension 'ignore_ament_install'
[0.166s] Level 1:colcon.colcon_core.package_identification:_identify(my_py_pkg) by extensions ['colcon_pkg']
[0.166s] Level 1:colcon.colcon_core.package_identification:_identify(my_py_pkg) by extension 'colcon_pkg'
[0.166s] Level 1:colcon.colcon_core.package_identification:_identify(my_py_pkg) by extensions ['colcon_meta']
[0.166s] Level 1:colcon.colcon_core.package_identification:_identify(my_py_pkg) by extension 'colcon_meta'
[0.166s] Level 1:colcon.colcon_core.package_identification:_identify(my_py_pkg) by extensions ['ros']
[0.166s] Level 1:colcon.colcon_core.package_identification:_identify(my_py_pkg) by extension 'ros'
[0.167s] DEBUG:colcon.colcon_core.package_identification:Package 'my_py_pkg' with type 'ros.ament_python' and name 'my_py_pkg'
[0.167s] Level 1:colcon.colcon_core.package_discovery:discover_packages(recursive) using defaults
[0.167s] Level 1:colcon.colcon_core.package_discovery:discover_packages(ignore) discover
[0.167s] Level 1:colcon.colcon_core.package_discovery:discover_packages(ignore) using defaults
[0.167s] Level 1:colcon.colcon_core.package_discovery:discover_packages(path) discover
[0.167s] Level 1:colcon.colcon_core.package_discovery:discover_packages(path) using defaults
[0.186s] Level 5:colcon.colcon_core.verb:set package 'my_cpp_pkg' build argument 'cmake_args' from command line to 'None'
[0.186s] Level 5:colcon.colcon_core.verb:set package 'my_cpp_pkg' build argument 'cmake_target' from command line to 'None'
[0.186s] Level 5:colcon.colcon_core.verb:set package 'my_cpp_pkg' build argument 'cmake_target_skip_unavailable' from command line to 'False'
[0.186s] Level 5:colcon.colcon_core.verb:set package 'my_cpp_pkg' build argument 'cmake_clean_cache' from command line to 'False'
[0.186s] Level 5:colcon.colcon_core.verb:set package 'my_cpp_pkg' build argument 'cmake_clean_first' from command line to 'False'
[0.186s] Level 5:colcon.colcon_core.verb:set package 'my_cpp_pkg' build argument 'cmake_force_configure' from command line to 'False'
[0.186s] Level 5:colcon.colcon_core.verb:set package 'my_cpp_pkg' build argument 'ament_cmake_args' from command line to 'None'
[0.187s] Level 5:colcon.colcon_core.verb:set package 'my_cpp_pkg' build argument 'catkin_cmake_args' from command line to 'None'
[0.187s] Level 5:colcon.colcon_core.verb:set package 'my_cpp_pkg' build argument 'catkin_skip_building_tests' from command line to 'False'
[0.187s] DEBUG:colcon.colcon_core.verb:Building package 'my_cpp_pkg' with the following arguments: {'ament_cmake_args': None, 'build_base': '/home/zoro/ros2_ws/src/build/my_cpp_pkg', 'catkin_cmake_args': None, 'catkin_skip_building_tests': False, 'cmake_args': None, 'cmake_clean_cache': False, 'cmake_clean_first': False, 'cmake_force_configure': False, 'cmake_target': None, 'cmake_target_skip_unavailable': False, 'install_base': '/home/zoro/ros2_ws/src/install/my_cpp_pkg', 'merge_install': False, 'path': '/home/zoro/ros2_ws/src/my_cpp_pkg', 'symlink_install': False, 'test_result_base': None}
[0.190s] Level 5:colcon.colcon_core.verb:set package 'my_py_pkg' build argument 'cmake_args' from command line to 'None'
[0.190s] Level 5:colcon.colcon_core.verb:set package 'my_py_pkg' build argument 'cmake_target' from command line to 'None'
[0.190s] Level 5:colcon.colcon_core.verb:set package 'my_py_pkg' build argument 'cmake_target_skip_unavailable' from command line to 'False'
[0.190s] Level 5:colcon.colcon_core.verb:set package 'my_py_pkg' build argument 'cmake_clean_cache' from command line to 'False'
[0.190s] Level 5:colcon.colcon_core.verb:set package 'my_py_pkg' build argument 'cmake_clean_first' from command line to 'False'
[0.190s] Level 5:colcon.colcon_core.verb:set package 'my_py_pkg' build argument 'cmake_force_configure' from command line to 'False'
[0.190s] Level 5:colcon.colcon_core.verb:set package 'my_py_pkg' build argument 'ament_cmake_args' from command line to 'None'
[0.190s] Level 5:colcon.colcon_core.verb:set package 'my_py_pkg' build argument 'catkin_cmake_args' from command line to 'None'
[0.190s] Level 5:colcon.colcon_core.verb:set package 'my_py_pkg' build argument 'catkin_skip_building_tests' from command line to 'False'
[0.190s] DEBUG:colcon.colcon_core.verb:Building package 'my_py_pkg' with the following arguments: {'ament_cmake_args': None, 'build_base': '/home/zoro/ros2_ws/src/build/my_py_pkg', 'catkin_cmake_args': None, 'catkin_skip_building_tests': False, 'cmake_args': None, 'cmake_clean_cache': False, 'cmake_clean_first': False, 'cmake_force_configure': False, 'cmake_target': None, 'cmake_target_skip_unavailable': False, 'install_base': '/home/zoro/ros2_ws/src/install/my_py_pkg', 'merge_install': False, 'path': '/home/zoro/ros2_ws/src/my_py_pkg', 'symlink_install': False, 'test_result_base': None}
[0.191s] INFO:colcon.colcon_core.executor:Executing jobs using 'parallel' executor
[0.193s] DEBUG:colcon.colcon_parallel_executor.executor.parallel:run_until_complete
[0.194s] INFO:colcon.colcon_ros.task.ament_cmake.build:Building ROS package in '/home/zoro/ros2_ws/src/my_cpp_pkg' with build type 'ament_cmake'
[0.194s] INFO:colcon.colcon_cmake.task.cmake.build:Building CMake package in '/home/zoro/ros2_ws/src/my_cpp_pkg'
[0.198s] INFO:colcon.colcon_core.plugin_system:Skipping extension 'colcon_core.shell.bat': Not used on non-Windows systems
[0.198s] INFO:colcon.colcon_core.shell:Skip shell extension 'powershell' for command environment: Not usable outside of PowerShell
[0.198s] DEBUG:colcon.colcon_core.shell:Skip shell extension 'dsv' for command environment
[0.201s] DEBUG:colcon.colcon_core.shell:Ignoring prefix path '/opt/ros/foxy'
[0.204s] INFO:colcon.colcon_ros.task.ament_python.build:Building ROS package in '/home/zoro/ros2_ws/src/my_py_pkg' with build type 'ament_python'
[0.204s] Level 1:colcon.colcon_core.shell:create_environment_hook('my_py_pkg', 'ament_prefix_path')
[0.205s] INFO:colcon.colcon_core.shell:Creating environment hook '/home/zoro/ros2_ws/src/install/my_py_pkg/share/my_py_pkg/hook/ament_prefix_path.ps1'
[0.208s] INFO:colcon.colcon_core.shell:Creating environment descriptor '/home/zoro/ros2_ws/src/install/my_py_pkg/share/my_py_pkg/hook/ament_prefix_path.dsv'
[0.208s] INFO:colcon.colcon_core.shell:Creating environment hook '/home/zoro/ros2_ws/src/install/my_py_pkg/share/my_py_pkg/hook/ament_prefix_path.sh'
[0.210s] INFO:colcon.colcon_core.shell:Skip shell extension 'powershell' for command environment: Not usable outside of PowerShell
[0.210s] DEBUG:colcon.colcon_core.shell:Skip shell extension 'dsv' for command environment
[0.213s] DEBUG:colcon.colcon_core.shell:Ignoring prefix path '/opt/ros/foxy'
[0.220s] DEBUG:colcon.colcon_core.event_handler.log_command:Invoking command in '/home/zoro/ros2_ws/src/build/my_cpp_pkg': CMAKE_PREFIX_PATH=/home/zoro/ros2_ws/install/my_py_pkg:/opt/ros/foxy /usr/bin/cmake /home/zoro/ros2_ws/src/my_cpp_pkg -DCMAKE_INSTALL_PREFIX=/home/zoro/ros2_ws/src/install/my_cpp_pkg
[0.444s] INFO:colcon.colcon_core.task.python.build:Building Python package in '/home/zoro/ros2_ws/src/my_py_pkg'
[0.445s] INFO:colcon.colcon_core.shell:Skip shell extension 'powershell' for command environment: Not usable outside of PowerShell
[0.445s] DEBUG:colcon.colcon_core.shell:Skip shell extension 'dsv' for command environment
[0.447s] DEBUG:colcon.colcon_core.shell:Ignoring prefix path '/opt/ros/foxy'
[0.455s] DEBUG:colcon.colcon_core.event_handler.log_command:Invoking command in '/home/zoro/ros2_ws/src/my_py_pkg': PYTHONPATH=/home/zoro/ros2_ws/src/install/my_py_pkg/lib/python3.8/site-packages:${PYTHONPATH} /usr/bin/python3 setup.py egg_info --egg-base ../build/my_py_pkg build --build-base /home/zoro/ros2_ws/src/build/my_py_pkg/build install --prefix /home/zoro/ros2_ws/src/install/my_py_pkg --record /home/zoro/ros2_ws/src/build/my_py_pkg/install.log --single-version-externally-managed
[0.775s] Level 1:colcon.colcon_core.environment:checking '/home/zoro/ros2_ws/src/install/my_py_pkg' for CMake module files
[0.776s] DEBUG:colcon.colcon_core.event_handler.log_command:Invoked command in '/home/zoro/ros2_ws/src/my_py_pkg' returned '0': PYTHONPATH=/home/zoro/ros2_ws/src/install/my_py_pkg/lib/python3.8/site-packages:${PYTHONPATH} /usr/bin/python3 setup.py egg_info --egg-base ../build/my_py_pkg build --build-base /home/zoro/ros2_ws/src/build/my_py_pkg/build install --prefix /home/zoro/ros2_ws/src/install/my_py_pkg --record /home/zoro/ros2_ws/src/build/my_py_pkg/install.log --single-version-externally-managed
[0.777s] Level 1:colcon.colcon_core.environment:checking '/home/zoro/ros2_ws/src/install/my_py_pkg' for CMake config files
[0.778s] Level 1:colcon.colcon_core.environment:checking '/home/zoro/ros2_ws/src/install/my_py_pkg/lib'
[0.778s] Level 1:colcon.colcon_core.environment:checking '/home/zoro/ros2_ws/src/install/my_py_pkg/bin'
[0.778s] Level 1:colcon.colcon_core.environment:checking '/home/zoro/ros2_ws/src/install/my_py_pkg/lib/pkgconfig/my_py_pkg.pc'
[0.778s] Level 1:colcon.colcon_core.environment:checking '/home/zoro/ros2_ws/src/install/my_py_pkg/lib/python3.8/site-packages'
[0.778s] Level 1:colcon.colcon_core.shell:create_environment_hook('my_py_pkg', 'pythonpath')
[0.779s] INFO:colcon.colcon_core.shell:Creating environment hook '/home/zoro/ros2_ws/src/install/my_py_pkg/share/my_py_pkg/hook/pythonpath.ps1'
[0.780s] INFO:colcon.colcon_core.shell:Creating environment descriptor '/home/zoro/ros2_ws/src/install/my_py_pkg/share/my_py_pkg/hook/pythonpath.dsv'
[0.780s] INFO:colcon.colcon_core.shell:Creating environment hook '/home/zoro/ros2_ws/src/install/my_py_pkg/share/my_py_pkg/hook/pythonpath.sh'
[0.781s] Level 1:colcon.colcon_core.environment:create_environment_scripts_only(my_py_pkg)
[0.782s] INFO:colcon.colcon_core.shell:Creating package script '/home/zoro/ros2_ws/src/install/my_py_pkg/share/my_py_pkg/package.ps1'
[0.783s] INFO:colcon.colcon_core.shell:Creating package descriptor '/home/zoro/ros2_ws/src/install/my_py_pkg/share/my_py_pkg/package.dsv'
[0.784s] INFO:colcon.colcon_core.shell:Creating package script '/home/zoro/ros2_ws/src/install/my_py_pkg/share/my_py_pkg/package.sh'
[0.785s] INFO:colcon.colcon_core.shell:Creating package script '/home/zoro/ros2_ws/src/install/my_py_pkg/share/my_py_pkg/package.bash'
[0.786s] INFO:colcon.colcon_core.shell:Creating package script '/home/zoro/ros2_ws/src/install/my_py_pkg/share/my_py_pkg/package.zsh'
[0.787s] Level 1:colcon.colcon_core.environment:create_file_with_runtime_dependencies(/home/zoro/ros2_ws/src/install/my_py_pkg/share/colcon-core/packages/my_py_pkg)
[2.340s] DEBUG:colcon.colcon_core.event_handler.log_command:Invoked command in '/home/zoro/ros2_ws/src/build/my_cpp_pkg' returned '0': CMAKE_PREFIX_PATH=/home/zoro/ros2_ws/install/my_py_pkg:/opt/ros/foxy /usr/bin/cmake /home/zoro/ros2_ws/src/my_cpp_pkg -DCMAKE_INSTALL_PREFIX=/home/zoro/ros2_ws/src/install/my_cpp_pkg
[2.340s] DEBUG:colcon.colcon_core.event_handler.log_command:Invoking command in '/home/zoro/ros2_ws/src/build/my_cpp_pkg': CMAKE_PREFIX_PATH=/home/zoro/ros2_ws/install/my_py_pkg:/opt/ros/foxy /usr/bin/cmake --build /home/zoro/ros2_ws/src/build/my_cpp_pkg -- -j4 -l4
[2.379s] DEBUG:colcon.colcon_core.event_handler.log_command:Invoked command in '/home/zoro/ros2_ws/src/build/my_cpp_pkg' returned '0': CMAKE_PREFIX_PATH=/home/zoro/ros2_ws/install/my_py_pkg:/opt/ros/foxy /usr/bin/cmake --build /home/zoro/ros2_ws/src/build/my_cpp_pkg -- -j4 -l4
[2.409s] DEBUG:colcon.colcon_core.event_handler.log_command:Invoking command in '/home/zoro/ros2_ws/src/build/my_cpp_pkg': CMAKE_PREFIX_PATH=/home/zoro/ros2_ws/install/my_py_pkg:/opt/ros/foxy /usr/bin/cmake --install /home/zoro/ros2_ws/src/build/my_cpp_pkg
[2.421s] Level 1:colcon.colcon_core.environment:create_environment_scripts_only(my_cpp_pkg)
[2.422s] Level 1:colcon.colcon_core.environment:checking '/home/zoro/ros2_ws/src/install/my_cpp_pkg' for CMake module files
[2.423s] DEBUG:colcon.colcon_core.event_handler.log_command:Invoked command in '/home/zoro/ros2_ws/src/build/my_cpp_pkg' returned '0': CMAKE_PREFIX_PATH=/home/zoro/ros2_ws/install/my_py_pkg:/opt/ros/foxy /usr/bin/cmake --install /home/zoro/ros2_ws/src/build/my_cpp_pkg
[2.423s] Level 1:colcon.colcon_core.environment:checking '/home/zoro/ros2_ws/src/install/my_cpp_pkg' for CMake config files
[2.423s] Level 1:colcon.colcon_core.shell:create_environment_hook('my_cpp_pkg', 'cmake_prefix_path')
[2.424s] INFO:colcon.colcon_core.shell:Creating environment hook '/home/zoro/ros2_ws/src/install/my_cpp_pkg/share/my_cpp_pkg/hook/cmake_prefix_path.ps1'
[2.425s] INFO:colcon.colcon_core.shell:Creating environment descriptor '/home/zoro/ros2_ws/src/install/my_cpp_pkg/share/my_cpp_pkg/hook/cmake_prefix_path.dsv'
[2.425s] INFO:colcon.colcon_core.shell:Creating environment hook '/home/zoro/ros2_ws/src/install/my_cpp_pkg/share/my_cpp_pkg/hook/cmake_prefix_path.sh'
[2.426s] Level 1:colcon.colcon_core.environment:checking '/home/zoro/ros2_ws/src/install/my_cpp_pkg/bin'
[2.426s] Level 1:colcon.colcon_core.environment:checking '/home/zoro/ros2_ws/src/install/my_cpp_pkg/lib/pkgconfig/my_cpp_pkg.pc'
[2.427s] Level 1:colcon.colcon_core.environment:checking '/home/zoro/ros2_ws/src/install/my_cpp_pkg/lib/python3.8/site-packages'
[2.428s] INFO:colcon.colcon_core.shell:Creating package script '/home/zoro/ros2_ws/src/install/my_cpp_pkg/share/my_cpp_pkg/package.ps1'
[2.428s] INFO:colcon.colcon_core.shell:Creating package descriptor '/home/zoro/ros2_ws/src/install/my_cpp_pkg/share/my_cpp_pkg/package.dsv'
[2.429s] INFO:colcon.colcon_core.shell:Creating package script '/home/zoro/ros2_ws/src/install/my_cpp_pkg/share/my_cpp_pkg/package.sh'
[2.429s] INFO:colcon.colcon_core.shell:Creating package script '/home/zoro/ros2_ws/src/install/my_cpp_pkg/share/my_cpp_pkg/package.bash'
[2.430s] INFO:colcon.colcon_core.shell:Creating package script '/home/zoro/ros2_ws/src/install/my_cpp_pkg/share/my_cpp_pkg/package.zsh'
[2.430s] Level 1:colcon.colcon_core.environment:create_file_with_runtime_dependencies(/home/zoro/ros2_ws/src/install/my_cpp_pkg/share/colcon-core/packages/my_cpp_pkg)
[2.457s] Level 1:colcon.colcon_core.environment:create_environment_scripts_only(my_cpp_pkg)
[2.458s] Level 1:colcon.colcon_core.environment:checking '/home/zoro/ros2_ws/src/install/my_cpp_pkg' for CMake module files
[2.459s] Level 1:colcon.colcon_core.environment:checking '/home/zoro/ros2_ws/src/install/my_cpp_pkg' for CMake config files
[2.459s] Level 1:colcon.colcon_core.shell:create_environment_hook('my_cpp_pkg', 'cmake_prefix_path')
[2.460s] INFO:colcon.colcon_core.shell:Creating environment hook '/home/zoro/ros2_ws/src/install/my_cpp_pkg/share/my_cpp_pkg/hook/cmake_prefix_path.ps1'
[2.461s] INFO:colcon.colcon_core.shell:Creating environment descriptor '/home/zoro/ros2_ws/src/install/my_cpp_pkg/share/my_cpp_pkg/hook/cmake_prefix_path.dsv'
[2.461s] INFO:colcon.colcon_core.shell:Creating environment hook '/home/zoro/ros2_ws/src/install/my_cpp_pkg/share/my_cpp_pkg/hook/cmake_prefix_path.sh'
[2.462s] Level 1:colcon.colcon_core.environment:checking '/home/zoro/ros2_ws/src/install/my_cpp_pkg/bin'
[2.462s] Level 1:colcon.colcon_core.environment:checking '/home/zoro/ros2_ws/src/install/my_cpp_pkg/lib/pkgconfig/my_cpp_pkg.pc'
[2.462s] Level 1:colcon.colcon_core.environment:checking '/home/zoro/ros2_ws/src/install/my_cpp_pkg/lib/python3.8/site-packages'
[2.463s] INFO:colcon.colcon_core.shell:Creating package script '/home/zoro/ros2_ws/src/install/my_cpp_pkg/share/my_cpp_pkg/package.ps1'
[2.464s] INFO:colcon.colcon_core.shell:Creating package descriptor '/home/zoro/ros2_ws/src/install/my_cpp_pkg/share/my_cpp_pkg/package.dsv'
[2.464s] INFO:colcon.colcon_core.shell:Creating package script '/home/zoro/ros2_ws/src/install/my_cpp_pkg/share/my_cpp_pkg/package.sh'
[2.465s] INFO:colcon.colcon_core.shell:Creating package script '/home/zoro/ros2_ws/src/install/my_cpp_pkg/share/my_cpp_pkg/package.bash'
[2.465s] INFO:colcon.colcon_core.shell:Creating package script '/home/zoro/ros2_ws/src/install/my_cpp_pkg/share/my_cpp_pkg/package.zsh'
[2.466s] Level 1:colcon.colcon_core.environment:create_file_with_runtime_dependencies(/home/zoro/ros2_ws/src/install/my_cpp_pkg/share/colcon-core/packages/my_cpp_pkg)
[2.466s] DEBUG:colcon.colcon_parallel_executor.executor.parallel:closing loop
[2.467s] DEBUG:colcon.colcon_parallel_executor.executor.parallel:loop closed
[2.467s] DEBUG:colcon.colcon_parallel_executor.executor.parallel:run_until_complete finished with '0'
[2.467s] DEBUG:colcon.colcon_core.event_reactor:joining thread
[2.473s] INFO:colcon.colcon_core.plugin_system:Skipping extension 'colcon_notification.desktop_notification.terminal_notifier': Not used on non-Darwin systems
[2.473s] INFO:colcon.colcon_core.plugin_system:Skipping extension 'colcon_notification.desktop_notification.win32': Not used on non-Windows systems
[2.473s] INFO:colcon.colcon_notification.desktop_notification:Sending desktop notification using 'notify2'
[2.486s] DEBUG:colcon.colcon_core.event_reactor:joined thread
[2.487s] INFO:colcon.colcon_core.shell:Creating prefix script '/home/zoro/ros2_ws/src/install/local_setup.ps1'
[2.489s] INFO:colcon.colcon_core.shell:Creating prefix util module '/home/zoro/ros2_ws/src/install/_local_setup_util_ps1.py'
[2.490s] INFO:colcon.colcon_core.shell:Creating prefix chain script '/home/zoro/ros2_ws/src/install/setup.ps1'
[2.495s] INFO:colcon.colcon_core.shell:Creating prefix script '/home/zoro/ros2_ws/src/install/local_setup.sh'
[2.496s] INFO:colcon.colcon_core.shell:Creating prefix util module '/home/zoro/ros2_ws/src/install/_local_setup_util_sh.py'
[2.497s] INFO:colcon.colcon_core.shell:Creating prefix chain script '/home/zoro/ros2_ws/src/install/setup.sh'
[2.500s] INFO:colcon.colcon_core.shell:Creating prefix script '/home/zoro/ros2_ws/src/install/local_setup.bash'
[2.500s] INFO:colcon.colcon_core.shell:Creating prefix chain script '/home/zoro/ros2_ws/src/install/setup.bash'
[2.502s] INFO:colcon.colcon_core.shell:Creating prefix script '/home/zoro/ros2_ws/src/install/local_setup.zsh'
[2.502s] INFO:colcon.colcon_core.shell:Creating prefix chain script '/home/zoro/ros2_ws/src/install/setup.zsh'
